Using pre-set license
Built from '2021.3/staging' branch; Version is '2021.3.13f1 (9e7d58001ecf) revision 10386776'; Using compiler version '192829333'; Build Type 'Release'
OS: 'Windows 10  (10.0.19044) 64bit Professional' Language: 'zh' Physical Memory: 16280 MB
BatchMode: 1, IsHumanControllingUs: 0, StartBugReporterOnCrash: 0, Is64bit: 1, IsPro: 1

COMMAND LINE ARGUMENTS:
C:\Program Files\Unity\Hub\Editor\2021.3.13f1\Editor\Unity.exe
-adb2
-batchMode
-noUpm
-name
AssetImportWorker2
-projectPath
D:/Work/face-nn/unity
-logFile
Logs/AssetImportWorker2.log
-srvPort
60818
Successfully changed project path to: D:/Work/face-nn/unity
D:/Work/face-nn/unity
[UnityMemory] Configuration Parameters - Can be set up in boot.config
    "memorysetup-bucket-allocator-granularity=16"
    "memorysetup-bucket-allocator-bucket-count=8"
    "memorysetup-bucket-allocator-block-size=33554432"
    "memorysetup-bucket-allocator-block-count=8"
    "memorysetup-main-allocator-block-size=16777216"
    "memorysetup-thread-allocator-block-size=16777216"
    "memorysetup-gfx-main-allocator-block-size=16777216"
    "memorysetup-gfx-thread-allocator-block-size=16777216"
    "memorysetup-cache-allocator-block-size=4194304"
    "memorysetup-typetree-allocator-block-size=2097152"
    "memorysetup-profiler-bucket-allocator-granularity=16"
    "memorysetup-profiler-bucket-allocator-bucket-count=8"
    "memorysetup-profiler-bucket-allocator-block-size=33554432"
    "memorysetup-profiler-bucket-allocator-block-count=8"
    "memorysetup-profiler-allocator-block-size=16777216"
    "memorysetup-profiler-editor-allocator-block-size=1048576"
    "memorysetup-temp-allocator-size-main=16777216"
    "memorysetup-job-temp-allocator-block-size=2097152"
    "memorysetup-job-temp-allocator-block-size-background=1048576"
    "memorysetup-job-temp-allocator-reduction-small-platforms=262144"
    "memorysetup-temp-allocator-size-background-worker=32768"
    "memorysetup-temp-allocator-size-job-worker=262144"
    "memorysetup-temp-allocator-size-preload-manager=33554432"
    "memorysetup-temp-allocator-size-nav-mesh-worker=65536"
    "memorysetup-temp-allocator-size-audio-worker=65536"
    "memorysetup-temp-allocator-size-cloud-worker=32768"
    "memorysetup-temp-allocator-size-gi-baking-worker=262144"
    "memorysetup-temp-allocator-size-gfx=262144"
Refreshing native plugins compatible for Editor in 15.97 ms, found 0 plugins.
Preloading 0 native plugins for Editor in 0.00 ms.
Initialize engine version: 2021.3.13f1 (9e7d58001ecf)
[Subsystems] Discovering subsystems at path C:/Program Files/Unity/Hub/Editor/2021.3.13f1/Editor/Data/Resources/UnitySubsystems
[Subsystems] Discovering subsystems at path D:/Work/face-nn/unity/Assets
GfxDevice: creating device client; threaded=0; jobified=0
Direct3D:
    Version:  Direct3D 11.0 [level 11.1]
    Renderer: NVIDIA GeForce GTX 1060 5GB (ID=0x1c04)
    Vendor:   NVIDIA
    VRAM:     5031 MB
    Driver:   31.0.15.1694
Initialize mono
Mono path[0] = 'C:/Program Files/Unity/Hub/Editor/2021.3.13f1/Editor/Data/Managed'
Mono path[1] = 'C:/Program Files/Unity/Hub/Editor/2021.3.13f1/Editor/Data/MonoBleedingEdge/lib/mono/unityjit-win32'
Mono config path = 'C:/Program Files/Unity/Hub/Editor/2021.3.13f1/Editor/Data/MonoBleedingEdge/etc'
Using monoOptions --debugger-agent=transport=dt_socket,embedding=1,server=y,suspend=n,address=127.0.0.1:56512
Begin MonoManager ReloadAssembly
Registering precompiled unity dll's ...
Register platform support module: C:/Program Files/Unity/Hub/Editor/2021.3.13f1/Editor/Data/PlaybackEngines/AndroidPlayer/UnityEditor.Android.Extensions.dll
Register platform support module: C:/Program Files/Unity/Hub/Editor/2021.3.13f1/Editor/Data/PlaybackEngines/iOSSupport/UnityEditor.iOS.Extensions.dll
Register platform support module: C:/Program Files/Unity/Hub/Editor/2021.3.13f1/Editor/Data/PlaybackEngines/WindowsStandaloneSupport/UnityEditor.WindowsStandalone.Extensions.dll
Registered in 0.007375 seconds.
Native extension for WindowsStandalone target not found
[usbmuxd] Start listen thread
[usbmuxd] Listen thread started
Native extension for iOS target not found
Native extension for Android target not found
Refreshing native plugins compatible for Editor in 15.56 ms, found 0 plugins.
Preloading 0 native plugins for Editor in 0.00 ms.
Mono: successfully reloaded assembly
- Completed reload, in  0.581 seconds
Domain Reload Profiling:
	ReloadAssembly (581ms)
		BeginReloadAssembly (67ms)
			ExecutionOrderSort (0ms)
			DisableScriptedObjects (0ms)
			BackupInstance (0ms)
			ReleaseScriptingObjects (0ms)
			CreateAndSetChildDomain (1ms)
		EndReloadAssembly (404ms)
			LoadAssemblies (66ms)
			RebuildTransferFunctionScriptingTraits (0ms)
			SetupTypeCache (105ms)
			ReleaseScriptCaches (0ms)
			RebuildScriptCaches (28ms)
			SetupLoadedEditorAssemblies (224ms)
				LogAssemblyErrors (0ms)
				InitializePlatformSupportModulesInManaged (74ms)
				SetLoadedEditorAssemblies (0ms)
				RefreshPlugins (16ms)
				BeforeProcessingInitializeOnLoad (1ms)
				ProcessInitializeOnLoadAttributes (89ms)
				ProcessInitializeOnLoadMethodAttributes (44ms)
				AfterProcessingInitializeOnLoad (0ms)
				EditorAssembliesLoaded (0ms)
			ExecutionOrderSort2 (0ms)
			AwakeInstancesAfterBackupRestoration (0ms)
Platform modules already initialized, skipping
Registering precompiled user dll's ...
Registered in 0.000562 seconds.
Begin MonoManager ReloadAssembly
Native extension for WindowsStandalone target not found
Native extension for iOS target not found
Native extension for Android target not found
Refreshing native plugins compatible for Editor in 0.17 ms, found 0 plugins.
Preloading 0 native plugins for Editor in 0.00 ms.
Mono: successfully reloaded assembly
- Completed reload, in  0.738 seconds
Domain Reload Profiling:
	ReloadAssembly (738ms)
		BeginReloadAssembly (209ms)
			ExecutionOrderSort (0ms)
			DisableScriptedObjects (6ms)
			BackupInstance (0ms)
			ReleaseScriptingObjects (0ms)
			CreateAndSetChildDomain (122ms)
		EndReloadAssembly (422ms)
			LoadAssemblies (55ms)
			RebuildTransferFunctionScriptingTraits (0ms)
			SetupTypeCache (114ms)
			ReleaseScriptCaches (0ms)
			RebuildScriptCaches (29ms)
			SetupLoadedEditorAssemblies (186ms)
				LogAssemblyErrors (0ms)
				InitializePlatformSupportModulesInManaged (24ms)
				SetLoadedEditorAssemblies (0ms)
				RefreshPlugins (0ms)
				BeforeProcessingInitializeOnLoad (31ms)
				ProcessInitializeOnLoadAttributes (104ms)
				ProcessInitializeOnLoadMethodAttributes (19ms)
				AfterProcessingInitializeOnLoad (7ms)
				EditorAssembliesLoaded (0ms)
			ExecutionOrderSort2 (0ms)
			AwakeInstancesAfterBackupRestoration (6ms)
Platform modules already initialized, skipping
========================================================================
Worker process is ready to serve import requests
Launched and connected shader compiler UnityShaderCompiler.exe after 0.23 seconds
Refreshing native plugins compatible for Editor in 0.20 ms, found 0 plugins.
Preloading 0 native plugins for Editor in 0.00 ms.
Unloading 438 Unused Serialized files (Serialized files now loaded: 0)
Unloading 11 unused Assets / (56.5 KB). Loaded Objects now: 923.
Memory consumption went from 35.8 MB to 35.7 MB.
Total: 2.104800 ms (FindLiveObjects: 0.077500 ms CreateObjectMapping: 0.016600 ms MarkObjects: 1.942100 ms  DeleteObjects: 0.067700 ms)

AssetImportParameters requested are different than current active one (requested -> active):
  custom:video-decoder-ogg-theora: a1e56fd34408186e4bbccfd4996cb3dc -> 
  custom:container-muxer-webm: aa71ff27fc2769a1b78a27578f13a17b -> 
  custom:container-demuxer-webm: 4f35f7cbe854078d1ac9338744f61a02 -> 
  custom:video-encoder-webm-vp8: eb34c28f22e8b96e1ab97ce403110664 -> 
  custom:audio-encoder-webm-vorbis: bf7c407c2cedff20999df2af8eb42d56 -> 
  custom:framework-win-MediaFoundation: 216162199b28c13a410421893ffa2e32 -> 
  custom:container-demuxer-ogg: 62fdf1f143b41e24485cea50d1cbac27 -> 
  custom:video-decoder-webm-vp8: 9c59270c3fd7afecdb556c50c9e8de78 -> 
  custom:audio-decoder-ogg-vorbis: bf7c407c2cedff20999df2af8eb42d56 -> 
========================================================================
Received Import Request.
  Time since last request: 1804559.957472 seconds.
  path: Assets/Engine
  artifactKey: Guid(1301f8cae65a24948aa1975f1ae616aa) Importer(815301076,1909f56bfc062723c751e8b465ee728b)
Start importing Assets/Engine using Guid(1301f8cae65a24948aa1975f1ae616aa) Importer(815301076,1909f56bfc062723c751e8b465ee728b)  -> (artifact id: 'be2481bf666e5e951099bb0045d6ba96') in 0.002472 seconds 
========================================================================
Received Import Request.
  Time since last request: 0.595544 seconds.
  path: Assets/Creatures
  artifactKey: Guid(380de284139b36149ab218d9638e1ef3) Importer(815301076,1909f56bfc062723c751e8b465ee728b)
Start importing Assets/Creatures using Guid(380de284139b36149ab218d9638e1ef3) Importer(815301076,1909f56bfc062723c751e8b465ee728b)  -> (artifact id: '12176d62e8f6fd68be11750c9abfd072') in 0.001110 seconds 
========================================================================
Received Import Request.
  Time since last request: 1.285465 seconds.
  path: Assets/Creatures/Player_common
  artifactKey: Guid(45edd5103c7cac74f9ef3a9094bf52c3) Importer(815301076,1909f56bfc062723c751e8b465ee728b)
Start importing Assets/Creatures/Player_common using Guid(45edd5103c7cac74f9ef3a9094bf52c3) Importer(815301076,1909f56bfc062723c751e8b465ee728b)  -> (artifact id: '854976f9e28fdcaccd25841e09615a33') in 0.001140 seconds 
========================================================================
Received Import Request.
  Time since last request: 3.453153 seconds.
  path: Assets/Resource/Prefabs
  artifactKey: Guid(2d26ff2de8bbc52438c979a18bebfa45) Importer(815301076,1909f56bfc062723c751e8b465ee728b)
Start importing Assets/Resource/Prefabs using Guid(2d26ff2de8bbc52438c979a18bebfa45) Importer(815301076,1909f56bfc062723c751e8b465ee728b)  -> (artifact id: '071309f7dab18e0cdb715e18408c2529') in 0.004340 seconds 
========================================================================
Received Import Request.
  Time since last request: 9.628056 seconds.
  path: Assets/Engine/Editor/EditorResources/AssetsConfig.asset
  artifactKey: Guid(e9b2d954569c6c24a9fb23c36442654c) Importer(815301076,1909f56bfc062723c751e8b465ee728b)
Start importing Assets/Engine/Editor/EditorResources/AssetsConfig.asset using Guid(e9b2d954569c6c24a9fb23c36442654c) Importer(815301076,1909f56bfc062723c751e8b465ee728b)  -> (artifact id: '36331924d96eed830a4c21cf6cce0a0d') in 0.042495 seconds 
========================================================================
Received Import Request.
  Time since last request: 0.000015 seconds.
  path: Assets/Engine/Editor/EditorResources/Main Camera.prefab
  artifactKey: Guid(519c128a4b8dfad438c6f37d51fa354a) Importer(815301076,1909f56bfc062723c751e8b465ee728b)
Start importing Assets/Engine/Editor/EditorResources/Main Camera.prefab using Guid(519c128a4b8dfad438c6f37d51fa354a) Importer(815301076,1909f56bfc062723c751e8b465ee728b)  -> (artifact id: 'f795c3d903be4193c90156ed177fd932') in 0.020182 seconds 
========================================================================
Received Import Request.
  Time since last request: 29.059615 seconds.
  path: Assets/Resource/Faceicon/ui_faceicon_0_0.png
  artifactKey: Guid(9414e0902eec3ec4e931d525875d06b7) Importer(815301076,1909f56bfc062723c751e8b465ee728b)
Start importing Assets/Resource/Faceicon/ui_faceicon_0_0.png using Guid(9414e0902eec3ec4e931d525875d06b7) Importer(815301076,1909f56bfc062723c751e8b465ee728b)  -> (artifact id: '148c265f2da4b518ba005be6ee36fd48') in 0.240889 seconds 
========================================================================
Received Import Request.
  Time since last request: 64.085732 seconds.
  path: Assets/Resource/Faceicon/ui_faceicon_0_1.png
  artifactKey: Guid(f9200976dbc11cd43bb8b17da477889b) Importer(815301076,1909f56bfc062723c751e8b465ee728b)
Start importing Assets/Resource/Faceicon/ui_faceicon_0_1.png using Guid(f9200976dbc11cd43bb8b17da477889b) Importer(815301076,1909f56bfc062723c751e8b465ee728b)  -> (artifact id: '17533622df904dba9588ace4da6be29b') in 0.010733 seconds 
========================================================================
Received Import Request.
  Time since last request: 17.386354 seconds.
  path: Assets/Resource/Faceicon/ui_faceicon_5_0.png
  artifactKey: Guid(7a00732d80348f64fae91be099e46cf6) Importer(815301076,1909f56bfc062723c751e8b465ee728b)
Start importing Assets/Resource/Faceicon/ui_faceicon_5_0.png using Guid(7a00732d80348f64fae91be099e46cf6) Importer(815301076,1909f56bfc062723c751e8b465ee728b)  -> (artifact id: '1209feae9509bf0621967445f04d9f5f') in 0.007084 seconds 
========================================================================
Received Import Request.
  Time since last request: 139.930528 seconds.
  path: Assets/Creatures/Player_evy
  artifactKey: Guid(91bbb927740d39f4da4186eefeeacc33) Importer(815301076,1909f56bfc062723c751e8b465ee728b)
Start importing Assets/Creatures/Player_evy using Guid(91bbb927740d39f4da4186eefeeacc33) Importer(815301076,1909f56bfc062723c751e8b465ee728b)  -> (artifact id: '79eb361e2b9887052da908bbc224c7d4') in 0.001497 seconds 
========================================================================
Received Import Request.
  Time since last request: 42.850100 seconds.
  path: Assets/Engine/Shaders/PBS
  artifactKey: Guid(8f26a76262c92804f8840513240693e4) Importer(815301076,1909f56bfc062723c751e8b465ee728b)
Start importing Assets/Engine/Shaders/PBS using Guid(8f26a76262c92804f8840513240693e4) Importer(815301076,1909f56bfc062723c751e8b465ee728b)  -> (artifact id: '64a9bb13517800ff71b825fc3e420730') in 0.001287 seconds 
========================================================================
Received Import Request.
  Time since last request: 0.594768 seconds.
  path: Assets/Engine/Shaders/Shadow
  artifactKey: Guid(0e535b54814b0a54abe2d4d92a0abbb3) Importer(815301076,1909f56bfc062723c751e8b465ee728b)
Start importing Assets/Engine/Shaders/Shadow using Guid(0e535b54814b0a54abe2d4d92a0abbb3) Importer(815301076,1909f56bfc062723c751e8b465ee728b)  -> (artifact id: 'd5b8b48884f804d408a4319f68399f13') in 0.001147 seconds 
========================================================================
Received Import Request.
  Time since last request: 0.807086 seconds.
  path: Assets/Engine/Shaders/Tools
  artifactKey: Guid(4ad725eec17d10640b01df433c5e4d98) Importer(815301076,1909f56bfc062723c751e8b465ee728b)
Start importing Assets/Engine/Shaders/Tools using Guid(4ad725eec17d10640b01df433c5e4d98) Importer(815301076,1909f56bfc062723c751e8b465ee728b)  -> (artifact id: 'd064acb92c53e55162abfaae0f93d1d4') in 0.001064 seconds 
